<?xml version="1.0" encoding="UTF-8"?>
<testng-results ignored="0" total="1" passed="1" failed="0" skipped="0">
  <reporter-output>
  </reporter-output>
  <suite started-at="2022-01-12T16:27:00 COT" name="Default suite" finished-at="2022-01-12T16:27:23 COT" duration-ms="23768">
    <groups>
    </groups>
    <test started-at="2022-01-12T16:27:00 COT" name="Default test" finished-at="2022-01-12T16:27:23 COT" duration-ms="23768">
      <class name="prueba.prue1">
        <test-method signature="ConfiguracionPrevia()[pri:0, instance:prueba.prue1@9f116cc]" started-at="2022-01-12T16:27:00 COT" name="ConfiguracionPrevia" finished-at="2022-01-12T16:27:23 COT" duration-ms="23719" status="PASS">
          <reporter-output>
          </reporter-output>
        </test-method> <!-- ConfiguracionPrevia -->
      </class> <!-- prueba.prue1 -->
    </test> <!-- Default test -->
  </suite> <!-- Default suite -->
</testng-results>
